2011-07-18 17:43:41 Warning: Warning (2): include_once(/Users/shin/sandbox/cakephp_fizzbuzz/app/config/database.php) [<a href='http://php.net/function.include-once'>function.include-once</a>]: failed to open stream: No such file or directory in [/Users/shin/sandbox/cakephp_fizzbuzz/cake/libs/model/connection_manager.php, line 23]
2011-07-18 17:43:41 Warning: Warning (2): include_once() [<a href='http://php.net/function.include'>function.include</a>]: Failed opening '/Users/shin/sandbox/cakephp_fizzbuzz/app/config/database.php' for inclusion (include_path='/Users/shin/sandbox/cakephp_fizzbuzz:/Users/shin/sandbox/cakephp_fizzbuzz/app/:.:/opt/local/share/pear/share/pear') in [/Users/shin/sandbox/cakephp_fizzbuzz/cake/libs/model/connection_manager.php, line 23]
2011-07-18 18:08:27 Warning: Warning (2): mysql_connect() [<a href='http://php.net/function.mysql-connect'>function.mysql-connect</a>]: [2002] No such file or directory (trying to connect via unix:///tmp/mysql.sock) in [/Users/shin/sandbox/cakephp_fizzbuzz/cake/libs/model/datasources/dbo/dbo_mysql.php, line 561]
2011-07-18 18:08:27 Warning: Warning (2): mysql_connect() [<a href='http://php.net/function.mysql-connect'>function.mysql-connect</a>]: No such file or directory in [/Users/shin/sandbox/cakephp_fizzbuzz/cake/libs/model/datasources/dbo/dbo_mysql.php, line 561]
2011-07-18 18:08:27 Warning: Warning (2): mysql_select_db() expects parameter 2 to be resource, boolean given in [/Users/shin/sandbox/cakephp_fizzbuzz/cake/libs/model/datasources/dbo/dbo_mysql.php, line 567]
2011-07-18 18:08:27 Warning: Warning (2): mysql_get_server_info() expects parameter 1 to be resource, boolean given in [/Users/shin/sandbox/cakephp_fizzbuzz/cake/libs/model/datasources/dbo/dbo_mysql.php, line 575]
2011-07-18 18:08:27 Warning: Warning (2): mysql_query() expects parameter 2 to be resource, boolean given in [/Users/shin/sandbox/cakephp_fizzbuzz/cake/libs/model/datasources/dbo/dbo_mysql.php, line 609]
2011-07-18 18:09:07 Warning: Warning (2): mysql_connect() [<a href='http://php.net/function.mysql-connect'>function.mysql-connect</a>]: [2002] No such file or directory (trying to connect via unix:///tmp/mysql.sock) in [/Users/shin/sandbox/cakephp_fizzbuzz/cake/libs/model/datasources/dbo/dbo_mysql.php, line 561]
2011-07-18 18:09:07 Warning: Warning (2): mysql_connect() [<a href='http://php.net/function.mysql-connect'>function.mysql-connect</a>]: No such file or directory in [/Users/shin/sandbox/cakephp_fizzbuzz/cake/libs/model/datasources/dbo/dbo_mysql.php, line 561]
2011-07-18 18:09:07 Warning: Warning (2): mysql_select_db() expects parameter 2 to be resource, boolean given in [/Users/shin/sandbox/cakephp_fizzbuzz/cake/libs/model/datasources/dbo/dbo_mysql.php, line 567]
2011-07-18 18:09:07 Warning: Warning (2): mysql_get_server_info() expects parameter 1 to be resource, boolean given in [/Users/shin/sandbox/cakephp_fizzbuzz/cake/libs/model/datasources/dbo/dbo_mysql.php, line 575]
2011-07-18 18:09:07 Warning: Warning (2): mysql_query() expects parameter 2 to be resource, boolean given in [/Users/shin/sandbox/cakephp_fizzbuzz/cake/libs/model/datasources/dbo/dbo_mysql.php, line 609]
2011-07-18 18:10:00 Warning: Warning (2): mysql_connect() [<a href='http://php.net/function.mysql-connect'>function.mysql-connect</a>]: [2002] No such file or directory (trying to connect via unix:///tmp/mysql.sock) in [/Users/shin/sandbox/cakephp_fizzbuzz/cake/libs/model/datasources/dbo/dbo_mysql.php, line 561]
2011-07-18 18:10:00 Warning: Warning (2): mysql_connect() [<a href='http://php.net/function.mysql-connect'>function.mysql-connect</a>]: No such file or directory in [/Users/shin/sandbox/cakephp_fizzbuzz/cake/libs/model/datasources/dbo/dbo_mysql.php, line 561]
2011-07-18 18:10:00 Warning: Warning (2): mysql_select_db() expects parameter 2 to be resource, boolean given in [/Users/shin/sandbox/cakephp_fizzbuzz/cake/libs/model/datasources/dbo/dbo_mysql.php, line 567]
2011-07-18 18:10:00 Warning: Warning (2): mysql_get_server_info() expects parameter 1 to be resource, boolean given in [/Users/shin/sandbox/cakephp_fizzbuzz/cake/libs/model/datasources/dbo/dbo_mysql.php, line 575]
2011-07-18 18:10:00 Warning: Warning (2): mysql_query() expects parameter 2 to be resource, boolean given in [/Users/shin/sandbox/cakephp_fizzbuzz/cake/libs/model/datasources/dbo/dbo_mysql.php, line 609]
2011-07-18 18:10:14 Warning: Warning (2): mysql_connect() [<a href='http://php.net/function.mysql-connect'>function.mysql-connect</a>]: [2002] No such file or directory (trying to connect via unix:///tmp/mysql.sock) in [/Users/shin/sandbox/cakephp_fizzbuzz/cake/libs/model/datasources/dbo/dbo_mysql.php, line 561]
2011-07-18 18:10:14 Warning: Warning (2): mysql_connect() [<a href='http://php.net/function.mysql-connect'>function.mysql-connect</a>]: No such file or directory in [/Users/shin/sandbox/cakephp_fizzbuzz/cake/libs/model/datasources/dbo/dbo_mysql.php, line 561]
2011-07-18 18:10:14 Warning: Warning (2): mysql_select_db() expects parameter 2 to be resource, boolean given in [/Users/shin/sandbox/cakephp_fizzbuzz/cake/libs/model/datasources/dbo/dbo_mysql.php, line 567]
2011-07-18 18:10:14 Warning: Warning (2): mysql_get_server_info() expects parameter 1 to be resource, boolean given in [/Users/shin/sandbox/cakephp_fizzbuzz/cake/libs/model/datasources/dbo/dbo_mysql.php, line 575]
2011-07-18 18:10:14 Warning: Warning (2): mysql_query() expects parameter 2 to be resource, boolean given in [/Users/shin/sandbox/cakephp_fizzbuzz/cake/libs/model/datasources/dbo/dbo_mysql.php, line 609]
2011-07-18 18:10:19 Warning: Warning (2): mysql_connect() [<a href='http://php.net/function.mysql-connect'>function.mysql-connect</a>]: [2002] No such file or directory (trying to connect via unix:///tmp/mysql.sock) in [/Users/shin/sandbox/cakephp_fizzbuzz/cake/libs/model/datasources/dbo/dbo_mysql.php, line 561]
2011-07-18 18:10:19 Warning: Warning (2): mysql_connect() [<a href='http://php.net/function.mysql-connect'>function.mysql-connect</a>]: No such file or directory in [/Users/shin/sandbox/cakephp_fizzbuzz/cake/libs/model/datasources/dbo/dbo_mysql.php, line 561]
2011-07-18 18:10:19 Warning: Warning (2): mysql_select_db() expects parameter 2 to be resource, boolean given in [/Users/shin/sandbox/cakephp_fizzbuzz/cake/libs/model/datasources/dbo/dbo_mysql.php, line 567]
2011-07-18 18:10:19 Warning: Warning (2): mysql_get_server_info() expects parameter 1 to be resource, boolean given in [/Users/shin/sandbox/cakephp_fizzbuzz/cake/libs/model/datasources/dbo/dbo_mysql.php, line 575]
2011-07-18 18:10:19 Warning: Warning (2): mysql_query() expects parameter 2 to be resource, boolean given in [/Users/shin/sandbox/cakephp_fizzbuzz/cake/libs/model/datasources/dbo/dbo_mysql.php, line 609]
